[    0.000000] Initializing cgroup subsys cpuset
[    0.000000] Initializing cgroup subsys cpu
[    0.000000] Initializing cgroup subsys cpuacct
[    0.000000] Linux version 4.4.0-24-generic (buildd@lgw01-12) (gcc version 5.3.1 20160413 (Ubuntu 5.3.1-14ubuntu2.1) ) #43-Ubuntu SMP Wed Jun 8 19:27:37 UTC 2016 (Ubuntu 4.4.0-24.43-generic 4.4.10)
[    0.000000] Command line: BOOT_IMAGE=/boot/vmlinuz-4.4.0-24-generic root=LABEL=cloudimg-rootfs ro console=tty1 console=ttyS0
[    0.000000] KERNEL supported cpus:
[    0.000000]   Intel GenuineIntel
[    0.000000]   AMD AuthenticAMD
[    0.000000]   Centaur CentaurHauls
[    0.000000] x86/fpu: xstate_offset[2]:  576, xstate_sizes[2]:  256
[    0.000000] x86/fpu: Supporting XSAVE feature 0x01: 'x87 floating point registers'
[    0.000000] x86/fpu: Supporting XSAVE feature 0x02: 'SSE registers'
[    0.000000] x86/fpu: Supporting XSAVE feature 0x04: 'AVX registers'
[    0.000000] x86/fpu: Enabled xstate features 0x7, context size is 832 bytes, using 'standard' format.
[    0.000000] x86/fpu: Using 'lazy' FPU context switches.
[    0.000000] e820: BIOS-provided physical RAM map:
[    0.000000] BIOS-e820: [mem 0x0000000000000000-0x000000000009fbff] usable
[    0.000000] BIOS-e820: [mem 0x000000000009fc00-0x000000000009ffff] reserved
[    0.000000] BIOS-e820: [mem 0x00000000000f0000-0x00000000000fffff] reserved
[    0.000000] BIOS-e820: [mem 0x0000000000100000-0x000000003ffeffff] usable
[    0.000000] BIOS-e820: [mem 0x000000003fff0000-0x000000003fffffff] ACPI data
[    0.000000] BIOS-e820: [mem 0x00000000fffc0000-0x00000000ffffffff] reserved
[    0.000000] NX (Execute Disable) protection: active
[    0.000000] SMBIOS 2.5 present.
[    0.000000] Hypervisor detected: KVM
[    0.000000] e820: last_pfn = 0x3fff0 max_arch_pfn = 0x400000000
[    0.000000] x86/PAT: Configuration [0-7]: WB  WC  UC- UC  WB  WC  UC- WT  
[    0.000000] MTRR: Disabled
[    0.000000] CPU MTRRs all blank - virtualized system.
[    0.000000] found SMP MP-table at [mem 0x0009fff0-0x0009ffff] mapped at [ffff88000009fff0]
[    0.000000] Scanning 1 areas for low memory corruption
[    0.000000] RAMDISK: [mem 0x371b2000-0x378d0fff]
[    0.000000] ACPI: Early table checksum verification disabled
[    0.000000] ACPI: RSDP 0x00000000000E0000 000024 (v02 VBOX  )
[    0.000000] ACPI: XSDT 0x0000003FFF0030 00003C (v01 VBOX   VBOXXSDT 00000001 ASL  00000061)
[    0.000000] ACPI: FACP 0x000000003FFF00F0 0000F4 (v04 VBOX   VBOXFACP 00000001 ASL  00000061)
[    0.000000] ACPI: DSDT 0x000000003FFF0470 002106 (v01 VBOX   VBOXBIOS 00000002 INTL 20140214)
[    0.000000] ACPI: FACS 0x000000003FFF0200 000040
[    0.000000] ACPI: FACS 0x000000003FFF0200 000040
[    0.000000] ACPI: APIC 0x000000003FFF0240 00005C (v02 VBOX   VBOXAPIC 00000001 ASL  00000061)
[    0.000000] ACPI: SSDT 0x000000003FFF02A0 0001CC (v01 VBOX   VBOXCPUT 00000002 INTL 20140214)
[    0.000000] No NUMA configuration found
[    0.000000] Faking a node at [mem 0x0000000000000000-0x000000003ffeffff]
[    0.000000] NODE_DATA(0) allocated [mem 0x3ffeb000-0x3ffeffff]
[    0.000000] kvm-clock: Using msrs 4b564d01 and 4b564d00
[    0.000000] kvm-clock: cpu 0, msr 0:3ffe7001, primary cpu clock
[    0.000000] kvm-clock: using sched offset of 3287432117 cycles
[    0.000000] clocksource: kvm-clock: mask: 0xffffffffffffffff max_cycles: 0x1cd42e4dffb, max_idle_ns: 881590591483 ns
[    0.000000] Zone ranges:
[    0.000000]   DMA      [mem 0x0000000000001000-0x0000000000ffffff]
[    0.000000]   DMA32    [mem 0x0000000001000000-0x000000003ffeffff]
[    0.000000]   Normal   empty
[    0.000000]   Device   empty
[    0.000000] Movable zone start for each node
[    0.000000] Early memory node ranges
[    0.000000]   node   0: [mem 0x0000000000001000-0x000000000009efff]
[    0.000000]   node   0: [mem 0x0000000000100000-0x000000003ffeffff]
[    0.000000] Initmem setup node 0 [mem 0x0000000000001000-0x000000003ffeffff]
[    0.000000] ACPI: PM-Timer IO Port: 0x4008
[    0.000000] IOAPIC[0]: apic_id 2, version 17, address 0xfec00000, GSI 0-23
[    0.000000] ACPI: INT_SRC_OVR (bus 0 bus_irq 0 global_irq 2 dfl dfl)
[    0.000000] ACPI: INT_SRC_OVR (bus 0 bus_irq 9 global_irq 9 high level)
[    0.000000] Using ACPI (MADT) for SMP configuration information
[    0.000000] smpboot: Allowing 2 CPUs, 0 hotplug CPUs
[    0.000000] PM: Registered nosave memory: [mem 0x00000000-0x00000fff]
[    0.000000] PM: Registered nosave memory: [mem 0x0009f000-0x0009ffff]
[    0.000000] PM: Registered nosave memory: [mem 0x000a0000-0x000effff]
[    0.000000] PM: Registered nosave memory: [mem 0x000f0000-0x000fffff]
[    0.000000] e820: [mem 0x40000000-0xfffbffff] available for PCI devices
[    0.000000] Booting paravirtualized kernel on KVM
[    0.000000] clocksource: refined-jiffies: mask: 0xffffffff max_cycles: 0xffffffff, max_idle_ns: 7645519600211568 ns
[    0.000000] setup_percpu: NR_CPUS:256 nr_cpumask_bits:256 nr_cpu_ids:2 nr_node_ids:1
[    0.000000] PERCPU: Embedded 33 pages/cpu @ffff88003fc00000 s98008 r8192 d28968 u1048576
[    0.000000] PV qspinlock hash table entries: 256 (order: 0, 4096 bytes)
[    0.000000] Built 1 zonelists in Node order, mobility grouping on.  Total pages: 257913
[    0.000000] Policy zone: DMA32
[    0.000000] Kernel command line: BOOT_IMAGE=/boot/vmlinuz-4.4.0-24-generic root=LABEL=cloudimg-rootfs ro console=tty1 console=ttyS0
[    0.000000] PID hash table entries: 4096 (order: 3, 32768 bytes)
[    0.000000] Memory: 1005352K/1048120K available (8361K kernel code, 1278K rwdata, 3920K rodata, 1480K init, 1292K bss, 42768K reserved, 0K cma-reserved)
[    0.000000] SLUB: HWalign=64, Order=0-3, MinObjects=0, CPUs=2, Nodes=1
[    0.000000] Hierarchical RCU implementation.
[    0.000000] 	Build-time adjustment of leaf fanout to 64.
[    0.000000] 	RCU restricting CPUs from NR_CPUS=256 to nr_cpu_ids=2.
[    0.000000] RCU: Adjusting geometry for rcu_fanout_leaf=64, nr_cpu_ids=2
[    0.000000] NR_IRQS:16640 nr_irqs:440 16
[    0.000000] Console: colour VGA+ 80x25
[    0.000000] console [tty1] enabled
[    0.000000] console [ttyS0] enabled
[    0.000000] tsc: Detected 2394.456 MHz processor
[    0.918432] Calibrating delay loop (skipped) preset value.. 4788.91 BogoMIPS (lpj=9577824)
[    0.920080] pid_max: default: 32768 minimum: 301
[    0.920983] ACPI: Core revision 20150930
[    0.922870] ACPI: 2 ACPI AML tables successfully acquired and loaded
[    0.927260] Security Framework initialized
[    0.933229] Yama: becoming mindful.
[    0.934107] AppArmor: AppArmor initialized
[    0.935202] Dentry cache hash table entries: 131072 (order: 8, 1048576 bytes)
[    0.943103] Inode-cache hash table entries: 65536 (order: 7, 524288 bytes)
[    0.958700] Mount-cache hash table entries: 2048 (order: 2, 16384 bytes)
[    0.960400] Mountpoint-cache hash table entries: 2048 (order: 2, 16384 bytes)
[    0.972952] Initializing cgroup subsys io
[    0.974141] Initializing cgroup subsys memory
[    1.010187] Initializing cgroup subsys devices
[    1.011057] Initializing cgroup subsys freezer
[    1.011921] Initializing cgroup subsys net_cls
[    1.018108] Initializing cgroup subsys perf_event
[    1.045099] Initializing cgroup subsys net_prio
[    1.098198] Initializing cgroup subsys hugetlb
[    1.099363] Initializing cgroup subsys pids
[    1.100678] CPU: Physical Processor ID: 0
[    1.117100] CPU: Processor Core ID: 0
[    1.118942] mce: CPU supports 0 MCE banks
[    1.121293] Last level iTLB entries: 4KB 1024, 2MB 1024, 4MB 1024
[    1.122545] Last level dTLB entries: 4KB 1024, 2MB 1024, 4MB 1024, 1GB 4
[    1.126051] Freeing SMP alternatives memory: 28K (ffffffff820b3000 - ffffffff820ba000)
[    1.151065] ftrace: allocating 31907 entries in 125 pages
[    1.235495] smpboot: Max logical packages: 1
[    1.253230] smpboot: APIC(0) Converting physical 0 to logical package 0
[    1.314793] ..TIMER: vector=0x30 apic1=0 pin1=2 apic2=-1 pin2=-1
[    1.508545] smpboot: CPU0: Intel(R) Core(TM) i5-4210U CPU @ 1.70GHz (family: 0x6, model: 0x45, stepping: 0x1)
[    1.542695] Performance Events: unsupported p6 CPU model 69 no PMU driver, software events only.
[    1.570103] KVM setup paravirtual spinlock
[    1.588905] x86: Booting SMP configuration:
[    1.589891] .... node  #0, CPUs:      #1
[    1.617695] kvm-clock: cpu 1, msr 0:3ffe7041, secondary cpu clock
[    1.627371] mce: CPU supports 0 MCE banks
[    1.634213] x86: Booted up 1 node, 2 CPUs
[    1.637585] smpboot: Total of 2 processors activated (9577.82 BogoMIPS)
[    1.652468] devtmpfs: initialized
[    1.669178] evm: security.selinux
[    1.691102] evm: security.SMACK64
[    1.691990] evm: security.SMACK64EXEC
[    1.708486] evm: security.SMACK64TRANSMUTE
[    1.709689] evm: security.SMACK64MMAP
[    1.710851] evm: security.ima
[    1.711850] evm: security.capability
[    1.713350] clocksource: jiffies: mask: 0xffffffff max_cycles: 0xffffffff, max_idle_ns: 7645041785100000 ns
[    1.716244] pinctrl core: initialized pinctrl subsystem
[    1.717903] RTC time:  1:48:06, date: 06/21/16
[    1.719919] NET: Registered protocol family 16
[    1.760890] cpuidle: using governor ladder
[    1.788842] cpuidle: using governor menu
[    1.818982] PCCT header not found.
[    1.821249] ACPI: bus type PCI registered
[    1.836028] acpiphp: ACPI Hot Plug PCI Controller Driver version: 0.5
[    1.860313] PCI: Using configuration type 1 for base access
[    1.886128] ACPI: Added _OSI(Module Device)
[    1.916846] ACPI: Added _OSI(Processor Device)
[    1.950813] ACPI: Added _OSI(3.0 _SCP Extensions)
[    1.977408] ACPI: Added _OSI(Processor Aggregator Device)
[    2.007872] ACPI: Executed 1 blocks of module-level executable AML code
[    2.028367] ACPI: Interpreter enabled
[    2.029149] ACPI Exception: AE_NOT_FOUND, While evaluating Sleep State [\_S1_] (20150930/hwxface-580)
[    2.030991] ACPI Exception: AE_NOT_FOUND, While evaluating Sleep State [\_S2_] (20150930/hwxface-580)
[    2.032850] ACPI Exception: AE_NOT_FOUND, While evaluating Sleep State [\_S3_] (20150930/hwxface-580)
[    2.061628] ACPI Exception: AE_NOT_FOUND, While evaluating Sleep State [\_S4_] (20150930/hwxface-580)
[    2.112902] ACPI: (supports S0 S5)
[    2.113632] ACPI: Using IOAPIC for interrupt routing
[    2.114760] PCI: Using host bridge windows from ACPI; if necessary, use "pci=nocrs" and report a bug
[    2.120172] ACPI: PCI Root Bridge [PCI0] (domain 0000 [bus 00-ff])
[    2.143232] acpi PNP0A03:00: _OSC: OS supports [ASPM ClockPM Segments MSI]
[    2.207418] acpi PNP0A03:00: _OSC failed (AE_NOT_FOUND); disabling ASPM
[    2.222408] acpi PNP0A03:00: fail to add MMCONFIG information, can't access extended PCI configuration space under this bridge.
[    2.227947] PCI host bridge to bus 0000:00
[    2.230303] pci_bus 0000:00: root bus resource [io  0x0000-0x0cf7 window]
[    2.262940] pci_bus 0000:00: root bus resource [io  0x0d00-0xffff window]
[    2.313037] pci_bus 0000:00: root bus resource [mem 0x000a0000-0x000bffff window]
[    2.318787] pci_bus 0000:00: root bus resource [mem 0x40000000-0xffdfffff window]
[    2.320904] pci_bus 0000:00: root bus resource [bus 00-ff]
[    2.335390] pci 0000:00:01.1: legacy IDE quirk: reg 0x10: [io  0x01f0-0x01f7]
[    2.340169] pci 0000:00:01.1: legacy IDE quirk: reg 0x14: [io  0x03f6]
[    2.393004] pci 0000:00:01.1: legacy IDE quirk: reg 0x18: [io  0x0170-0x0177]
[    2.394826] pci 0000:00:01.1: legacy IDE quirk: reg 0x1c: [io  0x0376]
[    2.442353] ACPI: PCI Interrupt Link [LNKA] (IRQs 5 9 10 11) *0, disabled.
[    2.471819] ACPI: PCI Interrupt Link [LNKB] (IRQs 5 9 10 *11)
[    2.495216] ACPI: PCI Interrupt Link [LNKC] (IRQs 5 9 *10 11)
[    2.525125] ACPI: PCI Interrupt Link [LNKD] (IRQs 5 *9 10 11)
[    2.554576] ACPI: Enabled 2 GPEs in block 00 to 07
[    2.592928] vgaarb: setting as boot device: PCI:0000:00:02.0
[    2.605783] vgaarb: device added: PCI:0000:00:02.0,decodes=io+mem,owns=io+mem,locks=none
[    2.608060] vgaarb: loaded
[    2.608958] vgaarb: bridge control possible 0000:00:02.0
[    2.610721] SCSI subsystem initialized
[    2.660133] ACPI: bus type USB registered
[    2.684555] usbcore: registered new interface driver usbfs
[    2.700013] usbcore: registered new interface driver hub
[    2.729396] usbcore: registered new device driver usb
[    2.731299] PCI: Using ACPI for IRQ routing
[    2.732999] NetLabel: Initializing
[    2.734056] NetLabel:  domain hash size = 128
[    2.735278] NetLabel:  protocols = UNLABELED CIPSOv4
[    2.736640] NetLabel:  unlabeled traffic allowed by default
[    2.738416] clocksource: Switched to clocksource kvm-clock
[    2.750207] AppArmor: AppArmor Filesystem Enabled
[   .853137] pnp: PnP ACPI init
[    2.908522] pnp: PnP ACPI: found 3 devices

[  2.9296] losource: acpi_pm: mask: 0xffffff max_cycles: 0xffffff, max_idle_ns: 2085701024 ns
[    3.101733] NET: Registered protocol family 2

[    3.103384] TCP established hash table entries: 8192 (order: 4, 65536 bytes)
[    3.105201] TCP bind hash table entries: 8192 (order: 5, 131072 bytes)
[    3.106934] TCP: Hash tables configured (established 8192 bind 8192)
[    3.108608] UDP hash table entries: 512 (order: 2, 16384 bytes)
[   3.213223] UDP-Lite hash table entries: 512 (order: 2, 16384 bytes)
[    3.240532] NET: Registered protocol family 1
[    3.241403] pci 0000:00:00.0: Limiting direct PCI/PCI transfers
[    3.242520] pci 0000:00:01.0: Activating ISA DMA hang workarounds
[    3.244217] Trying to unpack rootfs image as initramfs...

[    4.855311] Freeing initrd memory: 7292K (ffff8800371b2000 - ffff8800378d1000)
[    4.913720] RAPL PMU detected, API unit is 2^-32 Joules, 4 fixed counters 10737418240 ms ovfl timer
[    4.953516] hw unit of domain pp0-core 2^-0 Joules
[    4.993217] hw unit of domain package 2^-0 Joules
[    4.994517] hw unit of domain dram 2^-0 Joules
[    5.013269] hw unit of domain pp1-gpu 2^-0 Joules
[    5.030426] platform rtc_cmos: registered platform RTC device (no PNP device found)
[    5.093681] Scanning for low memory corruption every 60 seconds
[    5.114127] futex hash table entries: 512 (order: 3, 32768 bytes)
[    5.163334] audit: initializing netlink subsys (disabled)
[    5.164837] audit: type=2000 audit(1466473691.557:1): initialized
[    5.166919] Initialise system trusted keyring
[    5.168579] HugeTLB registered 2 MB page size, pre-allocated 0 pages
[    5.275049] zbud: loaded
[    5.290609] VFS: Disk quotas dquot_6.6.0
[    5.293086] VFS: Dquot-cache hash table entries: 512 (order 0, 4096 bytes)
[    5.304720] fuse init (API version 7.23)
[    5.333888] Key type big_key registered
[    5.335155] Allocating IMA MOK and blacklist keyrings.
[    5.344730] Key type asymmetric registered
[    5.395276] Asymmetric key parser 'x509' registered
[    5.401166] Block layer SCSI generic (bsg) driver version 0.4 loaded (major 249)
[    5.416070] io scheduler noop registered
[    5.417277] io scheduler deadline registered (default)
[    5.494637] io scheduler cfq registered
[    5.503824] pci_hotplug: PCI Hot Plug PCI Core version: 0.5
[    5.505336] pciehp: PCI Express Hot Plug Controller Driver version: 0.4
[    5.623214] ACPI: AC Adapter [AC] (off-line)
[    5.693638] input: Power Button as /devices/LNXSYSTM:00/LNXPWRBN:00/input/input0
[    5.695899] ACPI: Power Button [PWRF]
[    5.697151] input: Sleep Button as /devices/LNXSYSTM:00/LNXSLPBN:00/input/input1
[    5.699297] ACPI: Sleep Button [SLPF]
[    5.733230] GHES: HEST is not enabled!
[    5.803644] ACPI: Battery Slot [BAT0] (battery present)
[    5.833382] Serial: 8250/16550 driver, 32 ports, IRQ sharing enabled
[    5.865134] 00:02: ttyS0 at I/O 0x3f8 (irq = 4, base_baud = 115200) is a 16550A
[    6.004529] Linux agpgart interface v0.103
[    6.008403] brd: module loaded
[    6.033351] tsc: Refined TSC clocksource calibration: 2394.144 MHz
[    6.035097] clocksource: tsc: mask: 0xffffffffffffffff max_cycles: 0x22829ba2f02, max_idle_ns: 440795272166 ns
[    6.040046] loop: module loaded
[    6.042059] scsi host0: ata_piix
[    6.083691] scsi host1: ata_piix
[    6.090302] ata1: PATA max UDMA/33 cmd 0x1f0 ctl 0x3f6 bmdma 0xd000 irq 14
[    6.091502] ata2: PATA max UDMA/33 cmd 0x170 ctl 0x376 bmdma 0xd008 irq 15
[    6.098309] libphy: Fixed MDIO Bus: probed
[    6.113198] tun: Universal TUN/TAP device driver, 1.6
[    6.133204] tun: (C) 1999-2004 Max Krasnyansky <maxk@qualcomm.com>
[    6.238727] PPP generic driver version 2.4.2
[    6.273200] ehci_hcd: USB 2.0 'Enhanced' Host Controller (EHCI) Driver
[    6.353440] ehci-pci: EHCI PCI platform driver
[    6.363648] ehci-platform: EHCI generic platform driver
[    6.365120] ohci_hcd: USB 1.1 'Open' Host Controller (OHCI) Driver
[    6.394901] ohci-pci: OHCI PCI platform driver
[    6.473173] ohci-platform: OHCI generic platform driver
[    6.502890] uhci_hcd: USB Universal Host Controller Interface driver
[    6.513554] i8042: PNP: PS/2 Controller [PNP0303:PS2K,PNP0f03:PS2M] at 0x60,0x64 irq 1,12
[    6.563922] serio: i8042 KBD port at 0x60,0x64 irq 1
[    6.583107] serio: i8042 AUX port at 0x60,0x64 irq 12
[    6.584219] mousedev: PS/2 mouse device common for all mice
[    6.603632] rtc_cmos rtc_cmos: rtc core: registered rtc_cmos as rtc0
[    6.683824] rtc_cmos rtc_cmos: alarms up to one day, 114 bytes nvram
[    6.709852] input: AT Translated Set 2 keyboard as /devices/platform/i8042/serio0/input/input2
[    6.712475] i2c /dev entries driver
[    6.718859] device-mapper: uevent: version 1.0.3
[    6.720068] device-mapper: ioctl: 4.34.0-ioctl (2015-10-28) initialised: dm-devel@redhat.com
[    6.763346] ledtrig-cpu: registered to indicate activity on CPUs
[    6.843198] NET: Registered protocol family 10
[    6.923371] NET: Registered protocol family 17
[    6.924265] Key type dns_resolver registered
[    6.925326] microcode: CPU0 sig=0x40651, pf=0x40, revision=0x0
[    6.933115] microcode: CPU1 sig=0x40651, pf=0x40, revision=0x0
[    6.934674] microcode: Microcode Update Driver: v2.01 <tigran@aivazian.fsnet.co.uk>, Peter Oruba
[    6.937208] registered taskstats version 1
[    6.940162] Loading compiled-in X.509 certificates
[    6.942773] Loaded X.509 cert 'Build time autogenerated kernel key: 73e2b8be326740e2e7feadd5601517c5df343108'
[    6.945492] zswap: loaded using pool lzo/zbud
[    6.949308] Key type trusted registered
[    6.977915] Key type encrypted registered
[    6.980020] AppArmor: AppArmor sha1 policy hashing enabled
[    7.082923] ima: No TPM chip found, activating TPM-bypass!
[    7.143600] evm: HMAC attrs: 0x1
[    7.153295]   Magic number: 4:468:812
[    7.223354] rtc_cmos rtc_cmos: setting system clock to 2016-06-21 01:48:11 UTC (1466473691)
[    7.304299] BIOS EDD facility v0.16 2004-Jun-25, 0 devices found
[    7.305836] EDD information not available.
[    7.334951] Freeing unused kernel memory: 1480K (ffffffff81f41000 - ffffffff820b3000)
[    7.353834] Write protecting the kernel read-only data: 14336k
[    7.355542] Freeing unused kernel memory: 1868K (ffff88000182d000 - ffff880001a00000)
[    7.434096] Freeing unused kernel memory: 176K (ffff880001dd4000 - ffff880001e00000)
Loading, please wait...
starting version[    7.453088] random: systemd-udevd urandom read with 2 bits of entropy available
 229
[    7.557898] e1000: Intel(R) PRO/1000 Network Driver - version 7.3.21-k8-NAPI
[    7.560681] e1000: Copyright (c) 1999-2006 Intel Corporation.
[    7.568102] Fusion MPT base driver 3.04.20
[    7.619055] Copyright (c) 1999-2008 LSI Corporation
[    7.650981] Fusion MPT SPI Host driver 3.04.20
[    7.670346] AVX version of gcm_enc/dec engaged.
[    7.689238] AES CTR mode by8 optimization enabled
[    7.832725] input: ImExPS/2 Generic Explorer Mouse as /devices/platform/i8042/serio1/input/input4
[    8.047474] e1000 0000:00:03.0 eth0: (PCI:33MHz:32-bit) 02:64:91:66:41:0c
[    8.058837] e1000 0000:00:03.0 eth0: Intel(R) PRO/1000 Network Connection
[    8.060888] mptbase: ioc0: Initiating bringup
[    8.122678] ioc0: LSI53C1030 A0: Capabilities={Initiator}
[    8.321227] scsi host2: ioc0: LSI53C1030 A0, FwRev=00000000h, Ports=1, MaxQ=256, IRQ=20
[    8.452191] scsi 2:0:0:0: Direct-Access     VBOX     HARDDISK         1.0  PQ: 0 ANSI: 5
[    8.468690] scsi target2:0:0: Beginning Domain Validation
[    8.473040] scsi target2:0:0: Domain Validation skipping write tests
[    8.479731] scsi target2:0:0: Ending Domain Validation
[    8.481460] scsi target2:0:0: asynchronous
[    8.497790] scsi 2:0:1:0: Direct-Access     VBOX     HARDDISK         1.0  PQ: 0 ANSI: 5
[    8.533455] scsi target2:0:1: Beginning Domain Validation
[    8.546667] scsi target2:0:1: Domain Validation skipping write tests
[    8.555848] scsi target2:0:1: Ending Domain Validation
[    8.557084] scsi target2:0:1: asynchronous
[    8.664073] sd 2:0:0:0: Attached scsi generic sg0 type 0
[    8.673357] sd 2:0:0:0: [sda] 20971520 512-byte logical blocks: (10.7 GB/10.0 GiB)
[    8.676625] sd 2:0:0:0: [sda] Write Protect is off
[    8.678436] sd 2:0:0:0: [sda] Incomplete mode parameter data
[    8.680106] sd 2:0:0:0: [sda] Assuming drive cache: write through
[    8.683627] sd 2:0:1:0: [sdb] 20480 512-byte logical blocks: (10.5 MB/10.0 MiB)
[    8.686621] sd 2:0:1:0: [sdb] Write Protect is off
[    8.689535] sd 2:0:1:0: Attached scsi generic sg1 type 0
[    8.718872] sd 2:0:1:0: [sdb] Incomplete mode parameter data
[    8.728968] sd 2:0:1:0: [sdb] Assuming drive cache: write through
[    8.759292]  sda: sda1
[    8.766645] sd 2:0:0:0: [sda] Attached SCSI disk
[    8.795063] sd 2:0:1:0: [sdb] Attached SCSI disk
[    8.837593] e1000 0000:00:08.0 eth1: (PCI:33MHz:32-bit) 08:00:27:87:e6:ca
[    8.853465] e1000 0000:00:08.0 eth1: Intel(R) PRO/1000 Network Connection
[    8.871189] e1000 0000:00:08.0 enp0s8: renamed from eth1
[    8.930755] e1000 0000:00:03.0 enp0s3: renamed from eth0
[   10.654787] floppy0: no floppy controllers found
Begin: Loading essential drivers ... [   12.216905] md: linear personality registered for level -1
[   12.231214] md: multipath personality registered for level -4
[   12.244934] md: raid0 personality registered for level 0
[   12.257158] md: raid1 personality registered for level 1
[   12.342488] raid6: sse2x1   gen()  7329 MB/s
[   12.438488] raid6: sse2x1   xor()  5041 MB/s
[   12.550463] raid6: sse2x2   gen()  7531 MB/s
[   12.658469] raid6: sse2x2   xor()  6259 MB/s
[   12.734461] raid6: sse2x4   gen()  9685 MB/s
[   12.806453] raid6: sse2x4   xor()  6383 MB/s
[   12.828245] raid6: using algorithm sse2x4 gen() 9685 MB/s
[   12.829388] raid6: .... xor() 6383 MB/s, rmw enabled
[   12.830489] raid6: using ssse3x2 recovery algorithm
[   12.833037] xor: automatically using best checksumming function:
[   12.874457]    avx       : 18291.000 MB/sec
[   12.881053] async_tx: api initialized (async)
[   12.892607] md: raid6 personality registered for level 6
[   12.904116] md: raid5 personality registered for level 5
[   12.905088] md: raid4 personality registered for level 4
[   12.912056] md: raid10 personality registered for level 10
done.
Begin: Running /scripts/init-premount ... done.
Begin: Mounting root file system ... Begin: Running /scripts/local-top ... done.
Begin: Running /scripts/local-[   12.965391] Btrfs loaded
premount ... Scanning for Btrfs filesystems
done.
Warning: fsck not present, so skipping root file system
[   13.055002] EXT4-fs (sda1): mounted filesystem with ordered data mode. Opts: (null)
done.
Begin: Running /scripts/local-bottom ... done.
Begin: Running /scripts/init-bottom ... Warning: overlayroot: debug is busted
done.
[   13.534265] systemd[1]: systemd 229 running in system mode. (+PAM +AUDIT +SELINUX +IMA +APPARMOR +SMACK +SYSVINIT +UTMP +LIBCRYPTSETUP +GCRYPT +GNUTLS +ACL +XZ -LZ4 +SECCOMP +BLKID +ELFUTILS +KMOD -IDN)
[   13.561265] systemd[1]: Detected virtualization oracle.
[   13.562253] systemd[1]: Detected architecture x86-64.

Welcome to [1mUbuntu 16.04 LTS[0m!

[   13.647676] systemd[1]: Set hostname to <ubuntu>.
[   13.720245] systemd[1]: Initializing machine ID from random generator.
[   13.723549] systemd[1]: Installed transient /etc/machine-id file.
[   44.112422] mptscsih: ioc0: attempting task abort! (sc=ffff88003db8e600)
[   44.118053] sd 2:0:0:0: [sda] tag#1 CDB: Read(10) 28 00 00 05 19 78 00 00 e0 00
[   44.250507] mptscsih: ioc0: task abort: FAILED (rv=2003) (sc=ffff88003db8e600)
[   44.273498] mptscih: ioc0: attempting target reset! (sc=ffff88003db8e600)
[   44.321058] sd 2:0:0:0: [sda] tag#1 CDB: Read(10) 28 00 00 05 19 78 00 00 e0 00
[   45.067948] mptscsih: ioc0: target reset: SUCCESS (sc=ffff88003db8e600)
[   45.103708] random: nonblocking pool is initialized
[   45.354021] systemd[1]: Listening on LVM2 poll daemon socket.
[[0;32m  OK  [0m] Listening on LVM2 poll daemon socket.
[   45.372709] systemd[1]: Listening on LVM2 metadata daemon socket.
[[0;32m  OK  [0m] Listening on LVM2 metadata daemon socket.
[  4.348] ystemd[1]: Listening on Journal Socket.

[[0;32m  OK  [0m] Listening on Journal Socket.
[   45.576937] systemd[1]: Listening on Device-mapper event daemon FIFOs.
[[0;32m  OK  [0m] Listening on Device-mapper event daemon FIFOs.
[   45.584057] systemd[1]: Created slice System Slice.
[[0;32m  OK  [0m] Created slice System Slice.
[   45.614751] systemd[1]: Starting Create list of required static device nodes for the current kernel...
         Starting Create list of required st... nodes for the current kernel...
[   45.667003] systemd[1]: Listening on Syslog Socket.
[[0;32m  OK  [0m] Listening on Syslog Socket.
[   45.673620] systemd[1]: Reached target Swap.
[[0;32m  OK  [0m] Reached target Swap.
[   45.690868] systemd[1]: Starting Remount Root and Kernel File Systems...
         Starting Remount Root and Kernel File Systems...[   45.725403] EXT4-fs (sda1): re-mounted. Opts: (null)

[   45.773389] systemd[1]: Set up automount Arbitrary Executable File Formats File System Automount Point.
[[0;32m  OK  [0m] Set up automount Arbitrary Executab...ats File System Automount Point.
[   45.789206] systemd[1]: Listening on /dev/initctl Compatibility Named Pipe.
[[0;32m  OK  [0m] Listening on /dev/initctl Compatibility Named Pipe.
[   45.798802] systemd[1]: Listening on udev Control Socket.
[[0;32m  OK  [0m] Listening on udev Control Socket.
[   45.858621] systemd[1]: Starting Nameserver information manager...
         Starting Nameserver information manager...
[   45.923927] systemd[1]: Listening on udev Kernel Socket.
[[0;32m  OK  [0m] Listening on udev Kernel Socket.
[   45.958785] systemd[1]: Starting Monitoring of LVM2 mirrors, snapshots etc. using dmeventd or progress polling...
         Starting Monitoring of LVM2 mirrors... dmeventd or progress polling...
[   45.972665] systemd[1]: Started Forward Password Requests to Wall Directory Watch.
[[0;32m  OK  [0m] Started Forward Password Requests to Wall Directory Watch.
[   46.031250] systemd[1]: Created slice system-serial\x2dgetty.slice.
[[0;32m  OK  [0m] Created slice system-serial\x2dgetty.slice.
[   46.035997] systemd[1]: Reached target Encrypted Volumes.
[[0;32m  OK  [0m] Reached target Encrypted Volumes.
[   46.054413] systemd[1]: Listening on Journal Audit Socket.
[[0;32m  OK  [0m] Listening on Journal Audit Socket.
[   46.074703] systemd[1]: Mounting POSIX Message Queue File System...
         Mounting POSIX Message Queue File System...
[   46.113446] systemd[1]: Listening on Journal Socket (/dev/log).
[[0;32m  OK  [0m] Listening on Journal Socket (/dev/log).
[   46.118974] systemd[1]: Starting Journal Service...
         Starting Journal Service...
[   46.143031] systemd[1]: Created slice system-getty.slice.
[[0;32m  OK  [0m] Created slice system-getty.slice.
[   46.202723] systemd[1]: Mounting Huge Pages File System...
         Mounting Huge Pages File System...
[   46.270744] systemd[1]: Starting Load Kernel Modules...
         Starting Load Kernel Modules...
[   46.302464] systemd[1]: Mounting Debug File System...
         Mounting Debug File System...
[   46.321359] systemd[1]: Starting Uncomplicated firewall...
         Starting Uncomplicated firewall...
[   46.351365] Loading iSCSI transport class v2.0-870.
[   46.432795] systemd[1]: Reached target User and Group Name Lookups.
[[0;32m  OK  [0m] Reached target User and Group Name Lookups.
[   46.467874] iscsi: registered transport (tcp)
[   46.534254] systemd[1]: Created slice User and Session Slice.
[[0;32m  OK  [0m] Created slice User and Session Slice.
[   46.544510] systemd[1]: Reached target Slices.
[[0;32m  OK  [0m] Reached target Slices.
[   46.599997] systemd[1]: Mounted Debug File System.
[[0;32m  OK  [0m] Mounted Debug File System.
[   46.615583] systemd[1]: Mounted Huge Pages File System.
[[0;32m  OK  [0m] Mounted Huge Pages File System.
[   46.623343] systemd[1]: Mounted POSIX Message Queue File System.
[[0;32m  OK  [0m] Mounted POSIX Message Queue File System.
[   46.643638] iscsi: registered transport (iser)
[   46.692903] systemd[1]: Started Journal Service.
[[0;32m  OK  [0m] Started Journal Service.
[[0;32m  OK  [0m] Started Create list of required sta...ce nodes for the current kernel.
[[0;32m  OK  [0m] Started Remount Root and Kernel File Systems.
[[0;32m  OK  [0m] Started Load Kernel Modules.
[[0;32m  OK  [0m] Started Uncomplicated firewall.
[[0;32m  OK  [0m] Started Nameserver information manager.
[[0;32m  OK  [0m] Started LVM2 metadata daemon.
         Starting Apply Kernel Variables...
         Mounting FUSE Control File System...
         Starting udev Coldplug all Devices...
         Starting Load/Save Random Seed...
         Starting Create Static Device Nodes in /dev...
         Starting Flush Journal to Persistent Storage...
[[0;32m  OK  [0m] Mounted FUSE Control File System.
[[0;32m  OK  [0m] Started Apply Kernel Variables.
[[0;32m  OK  [0m] Started Load/Save Random Seed.
[[0;32m  OK  [0m] Started udev Coldplug all Devices.
[[0;32m  OK  [0m] Started Flush Journal to Persistent Storage.
[[0;32m  OK  [0m] Started Monitoring of LVM2 mirrors,...ng dmeventd or progress polling.
[[0;32m  OK  [0m] Started Create Static Device Nodes in /dev.
         Starting udev Kernel Device Manager...
[[0;32m  OK  [0m] Started udev Kernel Device Manager.
[[0;32m  OK  [0m] Reached target Local File Systems (Pre).
[[0;32m  OK  [0m] Reached target Local File Systems.
         Starting Create Volatile Files and Directories...
         Starting Initial cloud-init job (pre-networking)...
         Starting Commit a transient machine-id on disk...
         Starting Set console keymap...
         Starting LSB: AppArmor initialization...
         Starting Tell Plymouth To Write Out Runtime Data...
[[0;32m  OK  [0m] Started Dispatch Password Requests to Console Directory Watch.
[[0;32m  OK  [0m] Started Create Volatile Files and Directories.
[[0;32m  OK  [0m] Started Commit a transient machine-id on disk.
[[0;32m  OK  [0m] Started Tell Plymouth To Write Out Runtime Data.
[[0;32m  OK  [0m] Found device /dev/ttyS0.
         Starting Update UTMP about System Boot/Shutdown...
         Starting Network Time Synchronization...
[[0;32m  OK  [0m] Started Set console keymap.
[[0;32m  OK  [0m] Started Update UTMP about System Boot/Shutdown.
[[0;32m  OK  [0m] Started Network Time Synchronization.
[[0;32m  OK  [0m] Reached target System Time Synchronized.
[[0;32m  OK  [0m] Listening on Load/Save RF Kill Switch Status /dev/rfkill Watch.
[[0;32m  OK  [0m] Started LSB: AppArmor initialization.
[[0;32m  OK  [0m] Reached target System Initialization.
[[0;32m  OK  [0m] Listening on ACPID Listen Socket.
[[0;32m  OK  [0m] Started ACPI Events Check.
         Starting LXD - unix socket.
[[0;32m  OK  [0m] Started Trigger resolvconf update for networkd DNS.
[[0;32m  OK  [0m] Reached target Paths.
         Starting Socket activation for snappy daemon.
[[0;32m  OK  [0m] Started Timer to automatically refresh installed snaps.
[[0;32m  OK  [0m] Started Daily Cleanup of Temporary Directories.
[[0;32m  OK  [0m] Listening on D-Bus System Message Bus Socket.
[[0;32m  OK  [0m] Listening on UUID daemon activation socket.
[[0;32m  OK  [0m] Started Daily apt activities.
[[0;32m  OK  [0m] Reached target Timers.
[[0;32m  OK  [0m] Listening on LXD - unix socket.
[[0;32m  OK  [0m] Listening on Socket activation for snappy daemon.
[[0;32m  OK  [0m] Reached target Sockets.
[[0;32m  OK  [0m] Reached target Basic System.
[[0;32m  OK  [0m] Started Regular background program processing daemon.
[[0;32m  OK  [0m] Started D-Bus System Message Bus.
         Starting LSB: MD monitoring daemon...
[[0;32m  OK  [0m] Started FUSE filesystem for LXC.
[[0;32m  OK  [0m] Started Snappy daemon.
         Starting System Logging Service...
         Starting Login Service...
[[0;32m  OK  [0m] Started Deferred execution scheduler.
         Starting LSB: Record successful boot for GRUB...
         Starting Accounts Service...
         Starting LXD - container startup/shutdown...
[[0;32m  OK  [0m] Started ACPI event daemon.
[[0;32m  OK  [0m] Started LSB: Record successful boot for GRUB.
[[0;32m  OK  [0m] Started Login Service.
[[0;32m  OK  [0m] Started LSB: MD monitoring daemon.
[[0;32m  OK  [0m] Started System Logging Service.
         Starting Authenticate and Authorize Users to Run Privileged Tasks...
[[0;32m  OK  [0m] Started Authenticate and Authorize Users to Run Privileged Tasks.
[[0;32m  OK  [0m] Started Accounts Service.
[[0;32m  OK  [0m] Started LXD - container startup/shutdown.
[   82.446770] cloud-init[501]: Cloud-init v. 0.7.7 running 'init-local' at Tue, 21 Jun 2016 01:49:28 +0000. Up 81.76 seconds.
[[0;32m  OK  [0m] Started Initial cloud-init job (pre-networking).
[[0;32m  OK  [0m] Reached target Network (Pre).
         Starting Raise network interfaces...
[[0;32m  OK  [0m] Started ifup for enp0s3.
[[0;32m  OK  [0m] Found device 82540EM Gigabit Ethern...r (PRO/1000 MT Desktop Adapter).
[[0;32m  OK  [0m] Started Raise network interfaces.
         Starting Initial cloud-init job (metadata service crawler)...
[[0;32m  OK  [0m] Reached target Network.
[   85.234662] cloud-init[1001]: Cloud-init v. 0.7.7 running 'init' at Tue, 21 Jun 2016 01:49:29 +0000. Up 83.41 seconds.
[   85.238579] cloud-init[1001]: ci-info: ++++++++++++++++++++++++++++++++++++++Net device info++++++++++++++++++++++++++++++++++++++
[   85.245497] cloud-init[1001]: ci-info: +--------+-------+----------------------------+---------------+-------+-------------------+
[   85.249716] cloud-init[1001]: ci-info: | Device |   Up  |          Address           |      Mask     | Scope |     Hw-Address    |
[   85.252466] cloud-init[1001]: ci-info: +--------+-------+----------------------------+---------------+-------+-------------------+
[   85.255179] cloud-init[1001]: ci-info: | enp0s3 |  True |         10.0.2.15          | 255.255.255.0 |   .   | 02:64:91:66:41:0c |
[[0;32m  OK  [0m] Started Initial cloud-init job (metadata service crawler).
[[   85.373734] cloud-init[1001]: ci-info: | enp0s3 |  True | fe80::64:91ff:fe66:410c/64 |       .       |  link | 02:64:91:66:41:0c |
[   85.379174] cloud-init[1001]: ci-info: |   lo   |  True |         127.0.0.1          |   255.0.0.0   |   .   |         .         |
[   85.379336] cloud-init[1001]: ci-info: |   lo   |  True |          ::1/128           |       .       |  host |         .         |
[   85.379501] cloud-init[1001]: ci-info: | enp0s8 | False |             .              |       .       |   .   | 08:00:27:87:e6:ca |
[   85.379670] cloud-init[1001]: ci-info: +--------+-------+----------------------------+---------------+-------+-------------------+
[   85.379843] cloud-init[1001]: ci-info: +++++++++++++++++++++++++++Route IPv4 info++++++++++++++++++++++++++++
[   85.380022] cloud-init[1001]: ci-info: +-------+-------------+----------+---------------+-----------+-------+
[   85.380372] cloud-init[1001]: ci-info: | Route | Destination | Gateway  |    Genmask    | Interface | Flags |
[   85.380538] cloud-init[1001]: ci-info: +-------+-------------+----------+---------------+-----------+-------+
[   85.380709] cloud-init[1001]: ci-info: |   0   |   0.0.0.0   | 10.0.2.2 |    0.0.0.0    |   enp0s3  |   UG  |
[   85.380882] cloud-init[1001]: ci-info: |   1   |   10.0.2.0  | 0.0.0.0  | 255.255.255.0 |   enp0s3  |   U   |
[   85.381055] cloud-init[1001]: ci-info: +-------+-------------+----------+---------------+-----------+-------+
[   85.381225] cloud-init[1001]: Generating public/private rsa key pair.
[   85.381399] cloud-init[1001]: Your identification has been saved in /etc/ssh/ssh_host_rsa_key.
[   85.381571] cloud-init[1001]: Your public key has been saved in /etc/ssh/ssh_host_rsa_key.pub.
[   85.381743] cloud-init[1001]: The key fingerprint is:
[   85.381916] cloud-init[1001]: SHA256:7tY8syzIxceAPMCdKgPYHnrPjaXx5GM1GCTU85nyO88 root@ubuntu-xenial
[   85.382094] cloud-init[1001]: The key's randomart image is:
[   85.382262] cloud-init[1001]: +---[RSA 2048]----+
[   85.382434] cloud-init[1001]: |.. oo+..         |
[   85.382607] cloud-init[1001]: |o o o.*          |
[   85.382780] cloud-init[1001]: | + . + * o       |
[   85.382967] cloud-init[1001]: |. = o O B        |
[   85.383127] cloud-init[1001]: | . = X *S+       |
[   85.383311] cloud-init[1001]: |    = *.+ o      |
[   85.383488] cloud-init[1001]: |     o +.=       |
[   85.383661] cloud-init[1001]: |      o.=o=      |
[   85.383829] cloud-init[1001]: |       ..+E+     |
[   85.384401] cloud-init[1001]: +----[SHA256]-----+
[0;32m  OK  [0m] Reached target Cloud-config availability.
[[   85.386899] cloud-init[1001]: Generating public/private dsa key pair.
[   85.631786] cloud-init[1001]: Your identification has been saved in /etc/ssh/ssh_host_dsa_key.
[   85.632550] cloud-init[1001]: Your public key has been saved in /etc/ssh/ssh_host_dsa_key.pub.
[   85.632990] cloud-init[1001]: The key fingerprint is:
[   85.633330] cloud-init[1001]: SHA256:gJhDlGYGPVRXeWrf17/VNewFgHbuu9vUzkT0Ij3sdfY root@ubuntu-xenial
[   85.633800] cloud-init[1001]: The key's randomart image is:
[   85.634256] cloud-init[1001]: +---[DSA 1024]----+
[   85.634559] cloud-init[1001]: |.=+o. .... ..    |
[   85.634868] cloud-init[1001]: | .Bo o  . + ..   |
[   85.635184] cloud-init[1001]: | ++.. .  + o  . .|
[0;32m  OK  [0m] Reached target Network is Online.
[   85.635499] cloud-init[1001]: |   .   .o   .o.o.|
[   85.656486] cloud-init[1001]: |       .S. o. =+O|
[   85.676441] cloud-init[1001]: |          . oooBO|
         Starting Apply the settings specified in cloud-config...
[   85.676703] cloud-init[1001]: |             oo.E|
[   85.735794] cloud-init[1001]: |            .o +o|
[   85.764516] cloud-init[1001]: |            oo..+|
         Starting /etc/rc.local Compatibility...
[   85.797351] cloud-init[1001]: +----[SHA256]-----+
[   85.814097] cloud-init[1001]: Generating public/private ecdsa key pair.
[   85.829484] cloud-init[1001]: Your identification has been saved in /etc/ssh/ssh_host_ecdsa_key.
[   85.833000] cloud-init[1001]: Your public key has been saved in /etc/ssh/ssh_host_ecdsa_key.pub.
[   85.835340] cloud-init[1001]: The key fingerprint is:
[   85.837364] cloud-init[1001]: SHA256:8K6OPo0RerTJF9xoWR9K1J/4+sBaZsCIdewqxKQcFHs root@ubuntu-xenial
[   85.905507]          cloud-initStarting Seed the pseudo random number generator on first boot...[1001]: 
The key's randomart image is:
         Starting iSCSI initiator daemon (iscsid)...
[[0;32m  OK  [0m] Started /etc/rc.local Compatibility.
[   85.932943] cloud-init[1001]: +---[ECDSA 256]---+
[   86.015486] cloud-init[1001]: |  o.   ...       |
[   86.020693] cloud-init[1001]: | . .   .o o      |
[   86.032395] cloud-init[1001]: |  o E.o*oo + .   |
[   86.033707] cloud-init[1001]: | . *oo*Bo o o    |
[   86.035142] cloud-init[1001]: |  o++=..S  .     |
[   86.036562] cloud-init[1001]: |  ..* .o o  .    |
[   86.038983] cloud-init[1001]: |   ..=. . *.     |
[   86.040430] cloud-init[1001]: |    oo.. =..     |
[   86.044334] cloud-init[1001]: |   .ooo .  ..    |
[   86.050208] cloud-init[1001]: +----[SHA256]-----+
[   86.052831] cloud-init[1001]: Generating public/private ed25519 key pair.
[   86.054512] cloud-init[1001]: Your identification has been saved in /etc/ssh/ssh_host_ed25519_key.
[   86.057672] cloud-init[1001]: Your public key has been saved in /etc/ssh/ssh_host_ed25519_key.pub.
[   86.068566] cloud-init[1001]: The key fingerprint is:
[[0;32m  OK  [0m] Started iSCSI initiator daemon (iscsid).
[   86.094919] cloud-init[1001]: SHA256:M0MOrjWxm3hJqqzGkpW3LVhDPWd3+thK4YIFGajyqBI root@ubuntu-xenial
[   86.119219] cloud-init[1001]: The key's randomart image is:
         Starting Login to default iSCSI targets...
[   86.135785] cloud-init[1001]: +--[ED25519 256]--+
[   86.146070] cloud-init[1001]: |     ..          |
[   86.153161] cloud-init[1001]: |    .  o         |
[   86.159518] cloud-init[1001]: |   . .= .        |
[   86.168605] cloud-init[1001]: |. . ..oBo . .    |
[   86.209140] cloud-init[1001]: | + o  *+S..o     |
[   86.226235] [cloud-init[0;32m  OK  [0m[1001]: ] |E + +* B =..     |Started Login to default iSCSI targets.

[   86.226832] cloud-init[1001]: |o+ +++* . o+     |
[   86.235327] [[0;32m  OK  [0m] Reached target Remote File Systems (Pre).
[[0;32m  OK  [0m] Reached target Remote File Systems.
cloud-init[1001]: |=+..o..  o. o    |
         Starting LSB: daemon to balance interrupts for SMP systems...
[   86.273064] cloud-init[1001]: |=.o  .    ..     |
[   86.327389]          cloud-initStarting LSB: Set the CPU Frequency Scaling governor to "ondemand"...[1001]: 
+----[SHA256]-----+
         Starting LSB: automatic crash report generation...
         Starting Permit User Sessions...
[[0;32m  OK  [0m] Started LSB: Set the CPU Frequency Scaling governor to "ondemand".
[[0;32m  OK  [0m] Started Permit User Sessions.
         Starting Hold until boot process finishes up...
         Starting Terminate Plymouth Boot Screen...
[[0;32m  OK  [0m] Started Hold until boot process finishes up.
[[0;32m  OK  [0m] Started Terminate Plymouth Boot Screen.
[[0;32m  OK  [0m] Started Getty on tty1.
[[0;32m  OK  [0m] Started Serial Getty on ttyS0.
[[0;32m  OK  [0m] Reached target Login Prompts.
[[0;32m  OK  [0m] Started LSB: daemon to balance interrupts for SMP systems.
[[0;32m  OK  [0m] Started LSB: automatic crash report generation.
[   86.656185] cloud-init[1089]: Generating locales (this might take a while)...
[   88.110071] cloud-init[1089]:   en_US.UTF-8... done
[   88.113021] cloud-init[1089]: Generation complete.
[[0;32m  OK  [0m] Stopped OpenBSD Secure Shell server.
         Starting OpenBSD Secure Shell server...
[[0;32m  OK  [0m] Started OpenBSD Secure Shell server.
[[0;32m  OK  [0m] Created slice User Slice of ubuntu.
         Starting User Manager for UID 1000...
[[0;32m  OK  [0m] Started Session 1 of user ubuntu.
[[0;32m  OK  [0m] Started Seed the pseudo random number generator on first boot.
[[0;32m  OK  [0m] Started User Manager for UID 1000.
[   90.086715] cloud-init[1089]: Cloud-init v. 0.7.7 running 'modules:config' at Tue, 21 Jun 2016 01:49:32 +0000. Up 86.19 seconds.
[[0;32m  OK  [0m] Started Apply the settings specified in cloud-config.
         Starting Execute cloud user/final scripts...
ci-info: no authorized ssh keys fingerprints found for user ubuntu.
<14>Jun 21 01:49:37 ec2: 
<14>Jun 21 01:49:37 ec2: #############################################################
<14>Jun 21 01:49:37 ec2: -----BEGIN SSH HOST KEY FINGERPRINTS-----
<14>Jun 21 01:49:37 ec2: 1024 SHA256:gJhDlGYGPVRXeWrf17/VNewFgHbuu9vUzkT0Ij3sdfY root@ubuntu-xenial (DSA)
<14>Jun 21 01:49:37 ec2: 256 SHA256:8K6OPo0RerTJF9xoWR9K1J/4+sBaZsCIdewqxKQcFHs root@ubuntu-xenial (ECDSA)
<14>Jun 21 01:49:37 ec2: 256 SHA256:M0MOrjWxm3hJqqzGkpW3LVhDPWd3+thK4YIFGajyqBI root@ubuntu-xenial (ED25519)
<14>Jun 21 01:49:37 ec2: 2048 SHA256:7tY8syzIxceAPMCdKgPYHnrPjaXx5GM1GCTU85nyO88 root@ubuntu-xenial (RSA)
<14>Jun 21 01:49:37 ec2: -----END SSH HOST KEY FINGERPRINTS-----
<14>Jun 21 01:49:37 ec2: #############################################################
-----BEGIN SSH HOST KEY KEYS-----
ecdsa-sha2-nistp256 AAAAE2VjZHNhLXNoYTItbmlzdHAyNTYAAAAIbmlzdHAyNTYAAABBBPty5SQML8BOtmvPCY5+u7u1tpPAh+IHatdDgA11NFAFPFN3PUKQNYMU9VuIgdhRK3uajpzcdWaWMNAL0dNygIE= root@ubuntu-xenial
ssh-ed25519 AAAAC3NzaC1lZDI1NTE5AAAAIE49z47YDtxo6CZ/5E02WInFyBLs+qmA5MiRZ5aEAPRk root@ubuntu-xenial
ssh-rsa AAAAB3NzaC1yc2EAAAADAQABAAABAQC0vO3VNsaXlBJ5GK8wTCfq/ZgXvUrUZspdkZybb0+xgyKvOKz2Z3WW9x6P5bDNpKPBM37+irp7TzxPbKEu90XR3s2O/I9SbiiWrMce/04QWyUV4znCiNof/EkJd63wZSmnZv0yoHq24Y9R1IsIBw1CteSVOdHXLyROQTgkdPr0uMB3ReWHRTFiho7GushxiB/zA8r4Y4UWGkfoAFykCwZ1pR+zNsX9bhjZqEjJREOHSdQHLgMPVic2Ao4pmz9+GNXuhNd95+vct087yE4+KAGKXvsnv5B/zPDdAJ5hDfZEPNWXw0LklyVXtT1BvVkd1jKyrUytjBjP850Hc3QgrdrT root@ubuntu-xenial
-----END SSH HOST KEY KEYS-----
[   91.024775] cloud-init[1328]: Cloud-init v. 0.7.7 running 'modules:final' at Tue, 21 Jun 2016 01:49:37 +0000. Up 90.59 seconds.
[   91.132805] cloud-init[1328]: ci-info: no authorized ssh keys fingerprints found for user ubuntu.
[[0;32m  OK  [0m] Started Execute cloud user/final scripts.
[   91.133210] cloud-init[1328]: Cloud-init v. 0.7.7 finished at Tue, 21 Jun 2016 01:49:37 +0000. Datasource DataSourceNoCloudNet [seed=/dev/sdb][dsmode=net].  Up 91.01 seconds
[[0;32m  OK  [0m] Reached target Cloud-init target.
[[0;32m  OK  [0m] Reached target Multi-User System.
[[0;32m  OK  [0m] Reached target Graphical Interface.
         Starting Update UTMP about System Runlevel Changes...
[[0;32m  OK  [0m] Started Update UTMP about System Runlevel Changes.

Ubuntu 16.04 LTS ubuntu-xenial ttyS0

ubuntu-xenial login:          Starting Unattended Upgrades Shutdown...
[[0;32m  OK  [0m] Closed Load/Save RF Kill Switch Status /dev/rfkill Watch.
         Stopping ACPI [[0;32m  OK  [0m] Stopped Getty on tty1.
[[0;32m  OK  [0m] Stopped Deferred execution scheduler.
[[0;32m  OK  [0m] Stopped ACPI event daemon.
[[0;32m  OK  [0m] Stopped Serial Getty on ttyS0.
[[0;32m  OK  [0m] Stopped OpenBSD Secure Shell server.
[[0;32m  OK  [0m] Stopped User Manager for UID 1000.
[[0;32m  OK  [0m] Started Unattended Upgrades Shutdown.
[[0;32m  OK  [0m] Stopped D-Bus System Message Bus.
[[0;32m  OK  [0m] Stopped Session 4 of user ubuntu.
[[0;32m  OK  [0m] Stopped FUSE filesystem for LXC.
[[0;32m  OK  [0m] Unmounted /var/lib/lxcfs.
[[0;32m  OK  [0m] Stopped LXD - container startup/shutdown.
[[0;32m  OK  [0m] Stopped LSB: automatic crash report generation.
[[0;32m  OK  [0m] Stopped LSB: daemon to balance interrupts for SMP systems.
[[0;32m  OK  [0m] Stopped LSB: Set the CPU Frequency Scaling governor to "ondemand".
[[0;32m  OK  [0m] Stopped LSB: MD monitoring daemon.
[[0;32m  OK  [0m] Stopped LSB: Record successful boot for GRUB.
[[0;32m  OK  [0m] Removed slice User Slice of ubuntu.
         Stopping Login Service...
[[0;32m  OK  [0m] Removed slice system-serial\x2dgetty.slice.
[[0;32m  OK  [0m] Removed slice system-getty.slice.
         Stopping Permit User Sessions...
[[0;32m  OK  [0m] Stopped /etc/rc.local Compatibility.
[[0;32m  OK  [0m] Stopped Permit User Sessions.
[[0;32m  OK  [0m] Stopped target Remote File Systems.
[[0;32m  OK  [0m] Stopped target Remote File Systems (Pre).
         Stopping Login to default iSCSI targets...
[[0;32m  OK  [0m] Stopped Login Service.
[[0;32m  OK  [0m] Stopped target User and Group Name Lookups.
[[0;32m  OK  [0m] Stopped Login to default iSCSI targets.
         Stopping iSCSI initiator daemon (iscsid)...
[[0;32m  OK  [0m] Stopped iSCSI initiator daemon (iscsid).
[[0;32m  OK  [0m] Stopped target Network is Online.
[[0;32m  OK  [0m] Stopped Initial cloud-init job (metadata service crawler).
[[0;32m  OK  [0m] Stopped target Basic System.
[[0;32m  OK  [0m] Stopped target Slices.
[[0;32m  OK  [0m] Removed slice User and Session Slice.
[[0;32m  OK  [0m] Stopped target Sockets.
[[0;32m  OK  [0m] Closed UUID daemon activation socket.
[[0;32m  OK  [0m] Closed ACPID Listen Socket.
[[0;32m  OK  [0m] Closed Syslog Socket.
[[0;32m  OK  [0m] Closed LXD - unix socket.
[[0;32m  OK  [0m] Closed Socket activation for snappy daemon.
[[0;32m  OK  [0m] Closed D-Bus System Message Bus Socket.
[[0;32m  OK  [0m] Stopped target Paths.
[[0;32m  OK  [0m] Stopped ACPI Events Check.
[[0;32m  OK  [0m] Stopped Trigger resolvconf update for networkd DNS.
[[0;32m  OK  [0m] Stopped Dispatch Password Requests to Console Directory Watch.
[[0;32m  OK  [0m] Stopped Forward Password Requests to Wall Directory Watch.
[[0;32m  OK  [0m] Stopped target System Initialization.
         Stopping Network Time Synchronization...
[[0;32m  OK  [0m] Stopped Commit a transient machine-id on disk.
[[0;32m  OK  [0m] Stopped target Encrypted Volumes.
[[0;32m  OK  [0m] Stopped target Swap.
         Stopping Load/Save Random Seed...
[[0;32m  OK  [0m] Stopped target Network.
         Stopping Raise network interfaces...
[[0;32m  OK  [0m] Stopped Network Time Synchronization.
[[0;32m  OK  [0m] Stopped Load/Save Random Seed.
[[0;32m  OK  [0m] Stopped Create Volatile Files and Directories.
[[0;32m  OK  [0m] Stopped Raise network interfaces.
[[0;32m  OK  [0m] Stopped Apply Kernel Variables.
[[0;32m  OK  [0m] Stopped target Network (Pre).
[[0;32m  OK  [0m] Stopped Initial cloud-init job (pre-networking).
[[0;32m  OK  [0m] Stopped Load Kernel Modules.
[[0;32m  OK  [0m] Stopped target Local File Systems.
         Unmounting /run/lxcfs/controllers/pids...
         Unmounting /run/lxcfs/controllers/devices...
         Unmounting /run/lxcfs/controllers/perf_event...
         Unmounting /run/lxcfs/controllers/cpuset...
         Unmounting /run/user/1000...
         Unmounting /run/lxcfs/controllers/name=systemd...
         Unmounting /run/lxcfs/controllers/net_cls,net_prio...
         Unmounting /run/lxcfs/controllers/hugetlb...
         Unmounting /run/lxcfs/controllers/freezer...
         Unmounting /run/lxcfs/controllers/cpu,cpuacct...
         Unmounting /run/lxcfs/controllers/memory...
         Unmounting /run/lxcfs/controllers/blkio...
[[0;32m  OK  [0m] Unmounted /run/lxcfs/controllers/pids.
[[0;32m  OK  [0m] Unmounted /run/lxcfs/controllers/devices.
[[0;32m  OK  [0m] Unmounted /run/lxcfs/controllers/perf_event.
[[0;32m  OK  [0m] Unmounted /run/lxcfs/controllers/cpuset.
[[0;32m  OK  [0m] Unmounted /run/user/1000.
[[0;32m  OK  [0m] Unmounted /run/lxcfs/controllers/name=systemd.
[[0;32m  OK  [0m] Unmounted /run/lxcfs/controllers/net_cls,net_prio.
[[0;32m  OK  [0m] Unmounted /run/lxcfs/controllers/hugetlb.
[[0;32m  OK  [0m] Unmounted /run/lxcfs/controllers/freezer.
[[0;32m  OK  [0m] Unmounted /run/lxcfs/controllers/cpu,cpuacct.
[[0;32m  OK  [0m] Unmounted /run/lxcfs/controllers/memory.
[[0;32m  OK  [0m] Unmounted /run/lxcfs/controllers/blkio.
         Unmounting /run/lxcfs/controllers...
[[0;32m  OK  [0m] Unmounted /run/lxcfs/controllers.
[[0;32m  OK  [0m] Reached target Unmount All Filesystems.
[[0;32m  OK  [0m] Stopped target Local File Systems (Pre).
[[0;32m  OK  [0m] Stopped Create Static Device Nodes in /dev.
[[0;32m  OK  [0m] Stopped Remount Root and Kernel File Systems.
[[0;32m  OK  [0m] Reached target Shutdown.
[ 186.026133] reboot: Power down
